<?xml version="1.1" encoding="UTF-8"?>
<testsuite name="HelloAkkaTest" tests="2" failures="0" errors="0" timestamp="1970-01-01T00:00:00" hostname="LM-LHR-00677770" time="1.38315834458E9">
  <properties/>
  <testcase name="testSetGreeter" classname="HelloAkkaTest" time="0.034"/>
  <testcase name="testGetGreeter" classname="HelloAkkaTest" time="0.023"/>
  <system-out><![CDATA[[INFO] [10/30/2013 11:39:04.293] [Test worker] [Remoting] Starting remoting
[INFO] [10/30/2013 11:39:04.435] [Test worker] [Remoting] Remoting started; listening on addresses :[akka.tcp://default@127.0.0.1:64607]
[INFO] [10/30/2013 11:39:04.436] [Test worker] [Remoting] Remoting now listens on addresses: [akka.tcp://default@127.0.0.1:64607]
[INFO] [10/30/2013 11:39:04.449] [Test worker] [Cluster(akka://default)] Cluster Node [akka.tcp://default@127.0.0.1:64607] - Starting up...
[INFO] [10/30/2013 11:39:04.504] [Test worker] [Cluster(akka://default)] Cluster Node [akka.tcp://default@127.0.0.1:64607] - Registered cluster JMX MBean [akka:type=Cluster]
[INFO] [10/30/2013 11:39:04.504] [Test worker] [Cluster(akka://default)] Cluster Node [akka.tcp://default@127.0.0.1:64607] - Started up successfully
[INFO] [10/30/2013 11:39:04.509] [default-akka.actor.default-dispatcher-3] [Cluster(akka://default)] Cluster Node [akka.tcp://default@127.0.0.1:64607] - Metrics will be retreived from MBeans, and may be incorrect on some platforms. To increase metric accuracy add the 'sigar.jar' to the classpath and the appropriate platform-specific native libary to 'java.library.path'. Reason: java.lang.ClassNotFoundException: org.hyperic.sigar.Sigar
[INFO] [10/30/2013 11:39:04.512] [default-akka.actor.default-dispatcher-3] [Cluster(akka://default)] Cluster Node [akka.tcp://default@127.0.0.1:64607] - Metrics collection has started successfully
[INFO] [10/30/2013 11:39:04.598] [default-akka.actor.default-dispatcher-5] [akka://default/system/remoting-terminator] Shutting down remote daemon.
[INFO] [10/30/2013 11:39:04.623] [default-akka.actor.default-dispatcher-5] [akka://default/system/remoting-terminator] Remote daemon shut down; proceeding with flushing remote transports.
[INFO] [10/30/2013 11:39:04.643] [default-akka.actor.default-dispatcher-2] [akka://default/deadLetters] Message [akka.cluster.InternalClusterAction$InitJoin$] from Actor[akka://default/system/cluster/core/daemon/joinSeedNodeProcess#535181692] to Actor[akka://default/deadLetters] was not delivered. [1] dead letters encountered. This logging can be turned off or adjusted with configuration settings 'akka.log-dead-letters' and 'akka.log-dead-letters-during-shutdown'.
[INFO] [10/30/2013 11:39:04.643] [default-akka.actor.default-dispatcher-2] [akka://default/deadLetters] Message [akka.cluster.InternalClusterAction$InitJoin$] from Actor[akka://default/system/cluster/core/daemon/joinSeedNodeProcess#535181692] to Actor[akka://default/deadLetters] was not delivered. [2] dead letters encountered. This logging can be turned off or adjusted with configuration settings 'akka.log-dead-letters' and 'akka.log-dead-letters-during-shutdown'.
[INFO] [10/30/2013 11:39:04.643] [default-akka.actor.default-dispatcher-2] [akka://default/system/endpointManager/reliableEndpointWriter-akka.tcp%3A%2F%2FClusterSystem%40127.0.0.1%3A2552-1/endpointWriter] Message [akka.actor.Status$Failure] from Actor[akka://default/system/endpointManager/reliableEndpointWriter-akka.tcp%3A%2F%2FClusterSystem%40127.0.0.1%3A2552-1/endpointWriter#-1141342152] to Actor[akka://default/system/endpointManager/reliableEndpointWriter-akka.tcp%3A%2F%2FClusterSystem%40127.0.0.1%3A2552-1/endpointWriter#-1141342152] was not delivered. [3] dead letters encountered. This logging can be turned off or adjusted with configuration settings 'akka.log-dead-letters' and 'akka.log-dead-letters-during-shutdown'.
[INFO] [10/30/2013 11:39:04.644] [default-akka.actor.default-dispatcher-2] [akka://default/system/endpointManager/reliableEndpointWriter-akka.tcp%3A%2F%2FClusterSystem%40127.0.0.1%3A2551-0/endpointWriter] Message [akka.actor.Status$Failure] from Actor[akka://default/system/endpointManager/reliableEndpointWriter-akka.tcp%3A%2F%2FClusterSystem%40127.0.0.1%3A2551-0/endpointWriter#438097653] to Actor[akka://default/system/endpointManager/reliableEndpointWriter-akka.tcp%3A%2F%2FClusterSystem%40127.0.0.1%3A2551-0/endpointWriter#438097653] was not delivered. [4] dead letters encountered. This logging can be turned off or adjusted with configuration settings 'akka.log-dead-letters' and 'akka.log-dead-letters-during-shutdown'.
[INFO] [10/30/2013 11:39:04.673] [ForkJoinPool-2-worker-15] [Remoting] Remoting shut down
[INFO] [10/30/2013 11:39:04.674] [default-akka.actor.default-dispatcher-13] [akka://default/system/remoting-terminator] Remoting shut down.
]]></system-out>
  <system-err><![CDATA[]]></system-err>
</testsuite>
